<?xml version="1.0" encoding="UTF-8"?>
<!-- Generated by org.testng.reporters.JUnitReportReporter -->
<testsuite hostname="DESKTOP-CNF8BPT" failures="0" tests="2" name="com.samples.com.samples.programs.GmailLoginTestng" time="10.575" errors="0" timestamp="2022-11-09T13:25:56 CST" skipped="0">
  <testcase classname="com.samples.com.samples.programs.GmailLoginTestng" name="loginMail" time="6.014"/>
  <system-out/>
  <testcase classname="com.samples.com.samples.programs.GmailLoginTestng" name="loginMail" time="4.561"/>
  <system-out/>
</testsuite> <!-- com.samples.com.samples.programs.GmailLoginTestng -->
