<?xml version="1.0" encoding="UTF-8"?>
<!-- Generated by org.testng.reporters.JUnitReportReporter -->
<testsuite hostname="DESKTOP-CNF8BPT" failures="0" tests="1" name="com.samples.programs.PowerCalculate" time="2.621" errors="0" timestamp="2022-11-14T13:52:06 CST" skipped="0">
  <testcase classname="com.samples.programs.PowerCalculate" name="gettingFile" time="2.621"/>
  <system-out/>
</testsuite> <!-- com.samples.programs.PowerCalculate -->
