<?xml version="1.0" encoding="UTF-8"?>
<!-- Generated by org.testng.reporters.JUnitReportReporter -->
<testsuite hostname="DESKTOP-CNF8BPT" failures="0" tests="1" name="com.samples.programs.ExcelDataProvider" time="2.787" errors="0" timestamp="2022-11-15T15:01:49 CST" skipped="0">
  <testcase classname="com.samples.programs.ExcelDataProvider" name="excelData" time="2.787"/>
  <system-out/>
</testsuite> <!-- com.samples.programs.ExcelDataProvider -->
