<?xml version="1.0" encoding="UTF-8"?>
<!-- Generated by org.testng.reporters.JUnitReportReporter -->
<testsuite hostname="DESKTOP-CNF8BPT" failures="0" tests="4" name="com.samples.programs.NewTest" time="15.558" errors="0" timestamp="2023-02-15T11:15:42 CST" skipped="0">
  <testcase classname="com.samples.programs.NewTest" name="userLogin" time="3.222"/>
  <system-out/>
  <testcase classname="com.samples.programs.NewTest" name="userLogin" time="3.284"/>
  <system-out/>
  <testcase classname="com.samples.programs.NewTest" name="openUrl" time="4.268"/>
  <system-out/>
  <testcase classname="com.samples.programs.NewTest" name="openUrl" time="4.784"/>
  <system-out/>
</testsuite> <!-- com.samples.programs.NewTest -->
