<?xml version="1.0" encoding="UTF-8"?>
<!-- Generated by org.testng.reporters.JUnitReportReporter -->
<testsuite hostname="DESKTOP-CNF8BPT" failures="0" tests="1" name="com.samples.programs.AnnotationsNewTest" time="0.006" errors="0" timestamp="2022-11-02T09:37:09 CDT" skipped="0">
  <testcase classname="com.samples.programs.AnnotationsNewTest" name="testMethod" time="0.006"/>
  <system-out/>
</testsuite> <!-- com.samples.programs.AnnotationsNewTest -->
